#
# There is insufficient memory for the Java Runtime Environment to continue.
# Native memory allocation (malloc) failed to allocate 1048576 bytes for AllocateHeap
# Possible reasons:
#   The system is out of physical RAM or swap space
#   The process is running with CompressedOops enabled, and the Java Heap may be blocking the growth of the native heap
# Possible solutions:
#   Reduce memory load on the system
#   Increase physical memory or swap space
#   Check if swap backing store is full
#   Decrease Java heap size (-Xmx/-Xms)
#   Decrease number of Java threads
#   Decrease Java thread stack sizes (-Xss)
#   Set larger code cache with -XX:ReservedCodeCacheSize=
#   JVM is running with Unscaled Compressed Oops mode in which the Java heap is
#     placed in the first 4GB address space. The Java Heap base address is the
#     maximum limit for the native heap growth. Please use -XX:HeapBaseMinAddress
#     to set the Java Heap base and to place the Java Heap above 4GB virtual address.
# This output file may be truncated or incomplete.
#
#  Out of Memory Error (memory/allocation.inline.hpp:61), pid=11048, tid=0x0000000000003934
#
# JRE version:  (8.0_211-b12) (build )
# Java VM: Java HotSpot(TM) 64-Bit Server VM (25.211-b12 mixed mode windows-amd64 compressed oops)
# Failed to write core dump. Minidumps are not enabled by default on client versions of Windows
#

---------------  T H R E A D  ---------------

Current thread (0x000000000232f000):  JavaThread "Unknown thread" [_thread_in_vm, id=14644, stack(0x0000000002610000,0x0000000002710000)]

Stack: [0x0000000002610000,0x0000000002710000]
[error occurred during error reporting (printing stack bounds), id 0xc0000005]

Native frames: (J=compiled Java code, j=interpreted, Vv=VM code, C=native code)


---------------  P R O C E S S  ---------------

Java Threads: ( => current thread )

Other Threads:

=>0x000000000232f000 (exited) JavaThread "Unknown thread" [_thread_in_vm, id=14644, stack(0x0000000002610000,0x0000000002710000)]

VM state:not at safepoint (normal execution)

VM Mutex/Monitor currently owned by a thread: None

heap address: 0x0000000081400000, size: 2028 MB, Compressed Oops mode: 32-bit
Narrow klass base: 0x0000000000000000, Narrow klass shift: 3
Compressed class space size: 1073741824 Address: 0x000000013f1f0000

Heap:
 PSYoungGen      total 38400K, used 665K [0x00000000d5c00000, 0x00000000d8680000, 0x0000000100000000)
  eden space 33280K, 2% used [0x00000000d5c00000,0x00000000d5ca6670,0x00000000d7c80000)
  from space 5120K, 0% used [0x00000000d8180000,0x00000000d8180000,0x00000000d8680000)
  to   space 5120K, 0% used [0x00000000d7c80000,0x00000000d7c80000,0x00000000d8180000)
 ParOldGen       total 87552K, used 0K [0x0000000081400000, 0x0000000086980000, 0x00000000d5c00000)
  object space 87552K, 0% used [0x0000000081400000,0x0000000081400000,0x0000000086980000)
 Metaspace       used 751K, capacity 4480K, committed 4480K, reserved 1056768K
  class space    used 76K, capacity 384K, committed 384K, reserved 1048576K

Card table byte_map: [0x0000000011da0000,0x00000000121a0000] byte_map_base: 0x0000000011996000

Marking Bits: (ParMarkBitMap*) 0x000000006eb35ce0
 Begin Bits: [0x0000000012940000, 0x00000000148f0000)
 End Bits:   [0x00000000148f0000, 0x00000000168a0000)

Polling page: 0x0000000000130000

CodeCache: size=245760Kb used=328Kb max_used=328Kb free=245431Kb
 bounds [0x00000000029e0000, 0x0000000002c50000, 0x00000000119e0000]
 total_blobs=58 nmethods=0 adapters=38
 compilation: enabled

Compilation events (0 events):
No events

GC Heap History (0 events):
No events

Deoptimization events (0 events):
No events

Classes redefined (0 events):
No events

Internal exceptions (0 events):
No events

Events (10 events):
Event: 0.026 loading class java/lang/Short
Event: 0.026 loading class java/lang/Short done
Event: 0.026 loading class java/lang/Integer
Event: 0.026 loading class java/lang/Integer done
Event: 0.026 loading class java/lang/Long
Event: 0.026 loading class java/lang/Long done
Event: 0.026 loading class java/lang/NullPointerException
Event: 0.026 loading class java/lang/NullPointerException done
Event: 0.026 loading class java/lang/ArithmeticException
Event: 0.026 loading class java/lang/ArithmeticException done


Dynamic libraries:
0x000000013f1b0000 - 0x000000013f1e7000 	C:\Program Files\Java\jre1.8.0_211\bin\javaw.exe
0x00000000771c0000 - 0x0000000077369000 	C:\Windows\SYSTEM32\ntdll.dll
0x000007fed5c30000 - 0x000007fed5c44000 	C:\Program Files\AVAST Software\Avast\aswhook.dll
0x00000000770a0000 - 0x00000000771bf000 	C:\Windows\system32\kernel32.dll
0x000007fefd410000 - 0x000007fefd47b000 	C:\Windows\system32\KERNELBASE.dll
0x000007feff350000 - 0x000007feff42b000 	C:\Windows\system32\ADVAPI32.dll
0x000007fefdf60000 - 0x000007fefdfff000 	C:\Windows\system32\msvcrt.dll
0x000007feff4b0000 - 0x000007feff4cf000 	C:\Windows\SYSTEM32\sechost.dll
0x000007fefefe0000 - 0x000007feff10d000 	C:\Windows\system32\RPCRT4.dll
0x0000000076fa0000 - 0x000000007709a000 	C:\Windows\system32\USER32.dll
0x000007fefda90000 - 0x000007fefdaf7000 	C:\Windows\system32\GDI32.dll
0x000007fefd620000 - 0x000007fefd62e000 	C:\Windows\system32\LPK.dll
0x000007fefd6d0000 - 0x000007fefd799000 	C:\Windows\system32\USP10.dll
0x000007fefbbe0000 - 0x000007fefbdd4000 	C:\Windows\WinSxS\amd64_microsoft.windows.common-controls_6595b64144ccf1df_6.0.7601.17514_none_fa396087175ac9ac\COMCTL32.dll
0x000007fefef10000 - 0x000007fefef81000 	C:\Windows\system32\SHLWAPI.dll
0x000007feff110000 - 0x000007feff13e000 	C:\Windows\system32\IMM32.DLL
0x000007fefd7a0000 - 0x000007fefd8a9000 	C:\Windows\system32\MSCTF.dll
0x0000000074110000 - 0x00000000741e2000 	C:\Program Files\Java\jre1.8.0_211\bin\msvcr100.dll
0x000000006e310000 - 0x000000006ebb5000 	C:\Program Files\Java\jre1.8.0_211\bin\server\jvm.dll
0x000007fef9eb0000 - 0x000007fef9eb9000 	C:\Windows\system32\WSOCK32.dll
0x000007fefef90000 - 0x000007fefefdd000 	C:\Windows\system32\WS2_32.dll
0x000007fefde20000 - 0x000007fefde28000 	C:\Windows\system32\NSI.dll
0x000007fefb3b0000 - 0x000007fefb3eb000 	C:\Windows\system32\WINMM.dll
0x000007fefbf80000 - 0x000007fefbf8c000 	C:\Windows\system32\VERSION.dll
0x0000000077390000 - 0x0000000077397000 	C:\Windows\system32\PSAPI.DLL
0x000007fee3cb0000 - 0x000007fee3cbf000 	C:\Program Files\Java\jre1.8.0_211\bin\verify.dll
0x000007fee3c80000 - 0x000007fee3ca9000 	C:\Program Files\Java\jre1.8.0_211\bin\java.dll
0x000007fee3c60000 - 0x000007fee3c76000 	C:\Program Files\Java\jre1.8.0_211\bin\zip.dll

VM Arguments:
jvm_args: -Dfile.encoding=Cp1252 
java_command: admin.Admin
java_class_path (initial): C:\Users\Aladin\Desktop\S3-CI\Projets\Java\test1\bin;C:\Users\Aladin\Desktop\com.mysql.jdbc_5.1.5.jar
Launcher Type: SUN_STANDARD

Environment Variables:
PATH=C:/Program Files/Java/jre1.8.0_211/bin/server;C:/Program Files/Java/jre1.8.0_211/bin;C:/Program Files/Java/jre1.8.0_211/lib/amd64;C:\Program Files (x86)\Common Files\Oracle\Java\javapath;C:\Windows\system32;C:\Windows;C:\Windows\System32\Wbem;C:\Windows\System32\WindowsPowerShell\v1.0\;C:\Program Files\Intel\WiFi\bin\;C:\Program Files\Common Files\Intel\WirelessCommon\;C:\Program Files (x86)\Windows Kits\8.1\Windows Performance Toolkit\;C:\Program Files\Microsoft SQL Server\110\Tools\Binn\;C:\Program Files (x86)\Microsoft SQL Server\100\Tools\Binn\;C:\Program Files\Microsoft SQL Server\100\Tools\Binn\;C:\Program Files\Microsoft SQL Server\100\DTS\Binn\;C:\Program Files (x86)\Microsoft SQL Server\100\Tools\Binn\VSShell\Common7\IDE\;C:\Program Files (x86)\Microsoft Visual Studio 9.0\Common7\IDE\PrivateAssemblies\;C:\Program Files (x86)\Microsoft SQL Server\100\DTS\Binn\;C:\wamp64\bin\php\php7.2.18;C:\composer;C:\Program Files\Git\cmd;C:\Program Files\Microsoft\Web Platform Installer\;C:\Program Files\Java\jre1.8.0_211\bin;C:\Program Files\Java\jdk-13\bin;C:\Program Files\Intel\WiFi\bin\;C:\Program Files\Common Files\Intel\WirelessCommon\;C:\Users\Aladin\AppData\Roaming\Dashlane\6.1922.0.20737\bin\Firefox_Extension\{442718d9-475e-452a-b3e1-fb1ee16b8e9f}\components;C:\Users\Aladin\AppData\Roaming\Dashlane\6.1922.0.20737\ucrt;C:\Users\Aladin\AppData\Roaming\Dashlane\6.1922.0.20737\bin\Qt;C:\Users\Aladin\AppData\Roaming\Dashlane\6.1922.0.20737\bin\Ssl;C:\Users\Aladin\AppData\Roaming\Composer\vendor\bin;C:\Users\Aladin\Desktop;
USERNAME=Aladin
OS=Windows_NT
PROCESSOR_IDENTIFIER=Intel64 Family 6 Model 142 Stepping 9, GenuineIntel



---------------  S Y S T E M  ---------------

OS: Windows 7 , 64 bit Build 7601 (6.1.7601.17514)

CPU:total 4 (initial active 4) (2 cores per cpu, 2 threads per core) family 6 model 142 stepping 9, cmov, cx8, fxsr, mmx, sse, sse2, sse3, ssse3, sse4.1, sse4.2, popcnt, avx, avx2, aes, clmul, erms, 3dnowpref, lzcnt, ht, tsc, tscinvbit, bmi1, bmi2, adx

Memory: 4k page, physical 8303444k(865468k free), swap 33211932k(5596k free)

vm_info: Java HotSpot(TM) 64-Bit Server VM (25.211-b12) for windows-amd64 JRE (1.8.0_211-b12), built on Apr  1 2019 20:53:26 by "java_re" with MS VC++ 10.0 (VS2010)

time: Tue Dec 10 17:09:42 2019
timezone: Maroc
elapsed time: 0 seconds (0d 0h 0m 0s)

