#
# There is insufficient memory for the Java Runtime Environment to continue.
# Native memory allocation (malloc) failed to allocate 32744 bytes for ChunkPool::allocate
# Possible reasons:
#   The system is out of physical RAM or swap space
#   The process is running with CompressedOops enabled, and the Java Heap may be blocking the growth of the native heap
# Possible solutions:
#   Reduce memory load on the system
#   Increase physical memory or swap space
#   Check if swap backing store is full
#   Decrease Java heap size (-Xmx/-Xms)
#   Decrease number of Java threads
#   Decrease Java thread stack sizes (-Xss)
#   Set larger code cache with -XX:ReservedCodeCacheSize=
#   JVM is running with Unscaled Compressed Oops mode in which the Java heap is
#     placed in the first 4GB address space. The Java Heap base address is the
#     maximum limit for the native heap growth. Please use -XX:HeapBaseMinAddress
#     to set the Java Heap base and to place the Java Heap above 4GB virtual address.
# This output file may be truncated or incomplete.
#
#  Out of Memory Error (allocation.cpp:272), pid=8048, tid=0x0000000000004e3c
#
# JRE version: Java(TM) SE Runtime Environment (8.0_211-b12) (build 1.8.0_211-b12)
# Java VM: Java HotSpot(TM) 64-Bit Server VM (25.211-b12 mixed mode windows-amd64 compressed oops)
# Failed to write core dump. Minidumps are not enabled by default on client versions of Windows
#

---------------  T H R E A D  ---------------

Current thread (0x0000000018f2a000):  JavaThread "C1 CompilerThread2" daemon [_thread_in_native, id=20028, stack(0x0000000019500000,0x0000000019600000)]

Stack: [0x0000000019500000,0x0000000019600000]
[error occurred during error reporting (printing stack bounds), id 0xc0000005]

Native frames: (J=compiled Java code, j=interpreted, Vv=VM code, C=native code)


Current CompileTask:
C1:  16110  922       3       java.awt.Component::isMixingNeeded (269 bytes)


---------------  P R O C E S S  ---------------

Java Threads: ( => current thread )
  0x00000000023bf000 JavaThread "DestroyJavaVM" [_thread_blocked, id=8864, stack(0x0000000002400000,0x0000000002500000)]
  0x0000000019b81000 JavaThread "MySQL Statement Cancellation Timer" daemon [_thread_blocked, id=1584, stack(0x000000001aed0000,0x000000001afd0000)]
  0x0000000019a7a800 JavaThread "AWT-EventQueue-0" [_thread_blocked, id=20212, stack(0x000000001aab0000,0x000000001abb0000)]
  0x000000001993a000 JavaThread "AWT-Windows" daemon [_thread_in_native, id=19892, stack(0x000000001a150000,0x000000001a250000)]
  0x0000000019937800 JavaThread "AWT-Shutdown" [_thread_blocked, id=12796, stack(0x000000001a2b0000,0x000000001a3b0000)]
  0x0000000019937000 JavaThread "Java2D Disposer" daemon [_thread_blocked, id=19508, stack(0x0000000018cd0000,0x0000000018dd0000)]
  0x0000000018fae800 JavaThread "Service Thread" daemon [_thread_blocked, id=5344, stack(0x0000000019640000,0x0000000019740000)]
=>0x0000000018f2a000 JavaThread "C1 CompilerThread2" daemon [_thread_in_native, id=20028, stack(0x0000000019500000,0x0000000019600000)]
  0x0000000018f25000 JavaThread "C2 CompilerThread1" daemon [_thread_blocked, id=11836, stack(0x0000000019360000,0x0000000019460000)]
  0x0000000017703800 JavaThread "C2 CompilerThread0" daemon [_thread_blocked, id=5556, stack(0x0000000018e20000,0x0000000018f20000)]
  0x000000001770f000 JavaThread "Attach Listener" daemon [_thread_blocked, id=19512, stack(0x0000000018a90000,0x0000000018b90000)]
  0x000000001770d800 JavaThread "Signal Dispatcher" daemon [_thread_blocked, id=10076, stack(0x0000000018bb0000,0x0000000018cb0000)]
  0x00000000176ec800 JavaThread "Finalizer" daemon [_thread_blocked, id=19528, stack(0x0000000018980000,0x0000000018a80000)]
  0x00000000176a3800 JavaThread "Reference Handler" daemon [_thread_blocked, id=18480, stack(0x0000000018740000,0x0000000018840000)]

Other Threads:
  0x000000001769b800 VMThread [stack: 0x00000000185f0000,0x00000000186f0000] [id=12020]
  0x0000000018fbd000 WatcherThread [stack: 0x0000000019820000,0x0000000019920000] [id=20408]

VM state:not at safepoint (normal execution)

VM Mutex/Monitor currently owned by a thread: None

heap address: 0x0000000081400000, size: 2028 MB, Compressed Oops mode: 32-bit
Narrow klass base: 0x0000000000000000, Narrow klass shift: 3
Compressed class space size: 1073741824 Address: 0x000000013f1f0000

Heap:
 PSYoungGen      total 38400K, used 22735K [0x00000000d5c00000, 0x00000000d8680000, 0x0000000100000000)
  eden space 33280K, 68% used [0x00000000d5c00000,0x00000000d7233ec8,0x00000000d7c80000)
  from space 5120K, 0% used [0x00000000d8180000,0x00000000d8180000,0x00000000d8680000)
  to   space 5120K, 0% used [0x00000000d7c80000,0x00000000d7c80000,0x00000000d8180000)
 ParOldGen       total 87552K, used 0K [0x0000000081400000, 0x0000000086980000, 0x00000000d5c00000)
  object space 87552K, 0% used [0x0000000081400000,0x0000000081400000,0x0000000086980000)
 Metaspace       used 13083K, capacity 13288K, committed 13440K, reserved 1060864K
  class space    used 1566K, capacity 1631K, committed 1664K, reserved 1048576K

Card table byte_map: [0x0000000011c30000,0x0000000012030000] byte_map_base: 0x0000000011826000

Marking Bits: (ParMarkBitMap*) 0x000000006eb35ce0
 Begin Bits: [0x00000000129b0000, 0x0000000014960000)
 End Bits:   [0x0000000014960000, 0x0000000016910000)

Polling page: 0x0000000000140000

CodeCache: size=245760Kb used=3461Kb max_used=3461Kb free=242298Kb
 bounds [0x0000000002870000, 0x0000000002be0000, 0x0000000011870000]
 total_blobs=1461 nmethods=921 adapters=453
 compilation: enabled

Compilation events (10 events):
Event: 16.103 Thread 0x0000000018f2a000 nmethod 917 0x0000000002bd2390 code [0x0000000002bd24e0, 0x0000000002bd25f0]
Event: 16.104 Thread 0x0000000018f2a000  918       1       javax.swing.JTable::getModel (5 bytes)
Event: 16.104 Thread 0x0000000018f2a000 nmethod 918 0x0000000002bd2650 code [0x0000000002bd27a0, 0x0000000002bd28b0]
Event: 16.104 Thread 0x0000000018f2a000  919       3       java.awt.Rectangle::<init> (9 bytes)
Event: 16.104 Thread 0x0000000018f2a000 nmethod 919 0x0000000002bd2910 code [0x0000000002bd2a80, 0x0000000002bd2d70]
Event: 16.104 Thread 0x0000000018f2a000  920       1       java.awt.Font::hasLayoutAttributes (5 bytes)
Event: 16.104 Thread 0x0000000018f2a000 nmethod 920 0x0000000002bd2ed0 code [0x0000000002bd3020, 0x0000000002bd3130]
Event: 16.104 Thread 0x0000000018f2a000  921       3       sun.java2d.pipe.Region::dimAdd (20 bytes)
Event: 16.104 Thread 0x0000000018f2a000 nmethod 921 0x0000000002bd3190 code [0x0000000002bd32e0, 0x0000000002bd34b0]
Event: 16.105 Thread 0x0000000018f2a000  922       3       java.awt.Component::isMixingNeeded (269 bytes)

GC Heap History (0 events):
No events

Deoptimization events (10 events):
Event: 0.495 Thread 0x00000000023bf000 Uncommon trap: reason=unstable_if action=reinterpret pc=0x0000000002a722d4 method=java.util.Properties$LineReader.readLine()I @ 252
Event: 0.503 Thread 0x00000000023bf000 Uncommon trap: reason=class_check action=maybe_recompile pc=0x0000000002aa6060 method=java.util.Properties$LineReader.readLine()I @ 410
Event: 0.912 Thread 0x00000000023bf000 Uncommon trap: reason=class_check action=maybe_recompile pc=0x0000000002b01c00 method=java.util.HashMap.getNode(ILjava/lang/Object;)Ljava/util/HashMap$Node; @ 126
Event: 0.912 Thread 0x00000000023bf000 Uncommon trap: reason=class_check action=maybe_recompile pc=0x0000000002b01c00 method=java.util.HashMap.getNode(ILjava/lang/Object;)Ljava/util/HashMap$Node; @ 126
Event: 0.912 Thread 0x00000000023bf000 Uncommon trap: reason=class_check action=maybe_recompile pc=0x0000000002b01c00 method=java.util.HashMap.getNode(ILjava/lang/Object;)Ljava/util/HashMap$Node; @ 126
Event: 0.915 Thread 0x00000000023bf000 Uncommon trap: reason=class_check action=maybe_recompile pc=0x0000000002b01c00 method=java.util.HashMap.getNode(ILjava/lang/Object;)Ljava/util/HashMap$Node; @ 126
Event: 0.916 Thread 0x00000000023bf000 Uncommon trap: reason=class_check action=maybe_recompile pc=0x0000000002afa9e8 method=java.util.HashMap.getNode(ILjava/lang/Object;)Ljava/util/HashMap$Node; @ 126
Event: 4.097 Thread 0x00000000023bf000 Uncommon trap: reason=unstable_if action=reinterpret pc=0x0000000002b2abe0 method=java.lang.reflect.AccessibleObject.checkAccess(Ljava/lang/Class;Ljava/lang/Class;Ljava/lang/Object;I)V @ 2
Event: 4.136 Thread 0x0000000019a7a800 Uncommon trap: reason=class_check action=maybe_recompile pc=0x0000000002b8dbb4 method=java.util.Hashtable.put(Ljava/lang/Object;Ljava/lang/Object;)Ljava/lang/Object; @ 60
Event: 4.137 Thread 0x0000000019a7a800 Uncommon trap: reason=class_check action=maybe_recompile pc=0x0000000002b8dbb4 method=java.util.Hashtable.put(Ljava/lang/Object;Ljava/lang/Object;)Ljava/lang/Object; @ 60

Classes redefined (0 events):
No events

Internal exceptions (10 events):
Event: 0.407 Thread 0x00000000023bf000 Exception <a 'java/security/PrivilegedActionException'> (0x00000000d65d6f38) thrown at [C:\re\workspace\8-2-build-windows-amd64-cygwin\jdk8u211\12973\hotspot\src\share\vm\prims\jvm.cpp, line 1502]
Event: 0.407 Thread 0x00000000023bf000 Exception <a 'java/security/PrivilegedActionException'> (0x00000000d65d7330) thrown at [C:\re\workspace\8-2-build-windows-amd64-cygwin\jdk8u211\12973\hotspot\src\share\vm\prims\jvm.cpp, line 1502]
Event: 0.413 Thread 0x00000000023bf000 Exception <a 'java/security/PrivilegedActionException'> (0x00000000d661f9a8) thrown at [C:\re\workspace\8-2-build-windows-amd64-cygwin\jdk8u211\12973\hotspot\src\share\vm\prims\jvm.cpp, line 1502]
Event: 0.413 Thread 0x00000000023bf000 Exception <a 'java/security/PrivilegedActionException'> (0x00000000d661fda0) thrown at [C:\re\workspace\8-2-build-windows-amd64-cygwin\jdk8u211\12973\hotspot\src\share\vm\prims\jvm.cpp, line 1502]
Event: 0.413 Thread 0x00000000023bf000 Exception <a 'java/security/PrivilegedActionException'> (0x00000000d6622308) thrown at [C:\re\workspace\8-2-build-windows-amd64-cygwin\jdk8u211\12973\hotspot\src\share\vm\prims\jvm.cpp, line 1502]
Event: 0.413 Thread 0x00000000023bf000 Exception <a 'java/security/PrivilegedActionException'> (0x00000000d6622700) thrown at [C:\re\workspace\8-2-build-windows-amd64-cygwin\jdk8u211\12973\hotspot\src\share\vm\prims\jvm.cpp, line 1502]
Event: 0.413 Thread 0x00000000023bf000 Exception <a 'java/security/PrivilegedActionException'> (0x00000000d6624f20) thrown at [C:\re\workspace\8-2-build-windows-amd64-cygwin\jdk8u211\12973\hotspot\src\share\vm\prims\jvm.cpp, line 1502]
Event: 0.413 Thread 0x00000000023bf000 Exception <a 'java/security/PrivilegedActionException'> (0x00000000d6625318) thrown at [C:\re\workspace\8-2-build-windows-amd64-cygwin\jdk8u211\12973\hotspot\src\share\vm\prims\jvm.cpp, line 1502]
Event: 0.414 Thread 0x00000000023bf000 Exception <a 'java/security/PrivilegedActionException'> (0x00000000d66278e0) thrown at [C:\re\workspace\8-2-build-windows-amd64-cygwin\jdk8u211\12973\hotspot\src\share\vm\prims\jvm.cpp, line 1502]
Event: 0.414 Thread 0x00000000023bf000 Exception <a 'java/security/PrivilegedActionException'> (0x00000000d6627cd8) thrown at [C:\re\workspace\8-2-build-windows-amd64-cygwin\jdk8u211\12973\hotspot\src\share\vm\prims\jvm.cpp, line 1502]

Events (10 events):
Event: 16.090 loading class sun/awt/im/CompositionAreaHandler
Event: 16.091 loading class sun/awt/im/CompositionAreaHandler done
Event: 16.091 loading class java/text/AttributedString
Event: 16.091 loading class java/text/AttributedString done
Event: 16.091 loading class java/text/AttributedString$AttributedStringIterator
Event: 16.091 loading class java/text/AttributedCharacterIterator
Event: 16.091 loading class java/text/AttributedCharacterIterator done
Event: 16.091 loading class java/text/AttributedString$AttributedStringIterator done
Event: 16.092 loading class java/awt/event/ContainerEvent
Event: 16.092 loading class java/awt/event/ContainerEvent done


Dynamic libraries:
0x000000013f1b0000 - 0x000000013f1e7000 	C:\Program Files\Java\jre1.8.0_211\bin\javaw.exe
0x00000000771c0000 - 0x0000000077369000 	C:\Windows\SYSTEM32\ntdll.dll
0x000007fed5c30000 - 0x000007fed5c44000 	C:\Program Files\AVAST Software\Avast\aswhook.dll
0x00000000770a0000 - 0x00000000771bf000 	C:\Windows\system32\kernel32.dll
0x000007fefd410000 - 0x000007fefd47b000 	C:\Windows\system32\KERNELBASE.dll
0x000007feff350000 - 0x000007feff42b000 	C:\Windows\system32\ADVAPI32.dll
0x000007fefdf60000 - 0x000007fefdfff000 	C:\Windows\system32\msvcrt.dll
0x000007feff4b0000 - 0x000007feff4cf000 	C:\Windows\SYSTEM32\sechost.dll
0x000007fefefe0000 - 0x000007feff10d000 	C:\Windows\system32\RPCRT4.dll
0x0000000076fa0000 - 0x000000007709a000 	C:\Windows\system32\USER32.dll
0x000007fefda90000 - 0x000007fefdaf7000 	C:\Windows\system32\GDI32.dll
0x000007fefd620000 - 0x000007fefd62e000 	C:\Windows\system32\LPK.dll
0x000007fefd6d0000 - 0x000007fefd799000 	C:\Windows\system32\USP10.dll
0x000007fefbbe0000 - 0x000007fefbdd4000 	C:\Windows\WinSxS\amd64_microsoft.windows.common-controls_6595b64144ccf1df_6.0.7601.17514_none_fa396087175ac9ac\COMCTL32.dll
0x000007fefef10000 - 0x000007fefef81000 	C:\Windows\system32\SHLWAPI.dll
0x000007feff110000 - 0x000007feff13e000 	C:\Windows\system32\IMM32.DLL
0x000007fefd7a0000 - 0x000007fefd8a9000 	C:\Windows\system32\MSCTF.dll
0x0000000074110000 - 0x00000000741e2000 	C:\Program Files\Java\jre1.8.0_211\bin\msvcr100.dll
0x000000006e310000 - 0x000000006ebb5000 	C:\Program Files\Java\jre1.8.0_211\bin\server\jvm.dll
0x000007fef9eb0000 - 0x000007fef9eb9000 	C:\Windows\system32\WSOCK32.dll
0x000007fefef90000 - 0x000007fefefdd000 	C:\Windows\system32\WS2_32.dll
0x000007fefde20000 - 0x000007fefde28000 	C:\Windows\system32\NSI.dll
0x000007fefb3b0000 - 0x000007fefb3eb000 	C:\Windows\system32\WINMM.dll
0x000007fefbf80000 - 0x000007fefbf8c000 	C:\Windows\system32\VERSION.dll
0x0000000077390000 - 0x0000000077397000 	C:\Windows\system32\PSAPI.DLL
0x000007fee3cb0000 - 0x000007fee3cbf000 	C:\Program Files\Java\jre1.8.0_211\bin\verify.dll
0x000007fee3c80000 - 0x000007fee3ca9000 	C:\Program Files\Java\jre1.8.0_211\bin\java.dll
0x000007fee3c60000 - 0x000007fee3c76000 	C:\Program Files\Java\jre1.8.0_211\bin\zip.dll
0x000007fefe000000 - 0x000007fefed88000 	C:\Windows\system32\SHELL32.dll
0x000007feff140000 - 0x000007feff343000 	C:\Windows\system32\ole32.dll
0x000007fefd110000 - 0x000007fefd11f000 	C:\Windows\system32\profapi.dll
0x000007fecc760000 - 0x000007fecc8f9000 	C:\Program Files\Java\jre1.8.0_211\bin\awt.dll
0x000007fefd540000 - 0x000007fefd617000 	C:\Windows\system32\OLEAUT32.dll
0x000007fefaf90000 - 0x000007fefafa8000 	C:\Windows\system32\DWMAPI.DLL
0x000007fed55d0000 - 0x000007fed56ed000 	C:\Windows\system32\opengl32.dll
0x000007fee3000000 - 0x000007fee302d000 	C:\Windows\system32\GLU32.dll
0x000007fed54d0000 - 0x000007fed55c1000 	C:\Windows\system32\DDRAW.dll
0x000007fee2ff0000 - 0x000007fee2ff8000 	C:\Windows\system32\DCIMAN32.dll
0x000007fefd8b0000 - 0x000007fefda87000 	C:\Windows\system32\SETUPAPI.dll
0x000007fefd260000 - 0x000007fefd296000 	C:\Windows\system32\CFGMGR32.dll
0x000007fefd4c0000 - 0x000007fefd4da000 	C:\Windows\system32\DEVOBJ.dll
0x000007fefb410000 - 0x000007fefb466000 	C:\Windows\system32\uxtheme.dll
0x000007fefcff0000 - 0x000007fefcfff000 	C:\Windows\system32\CRYPTBASE.dll
0x000007fee3c40000 - 0x000007fee3c5a000 	C:\Program Files\Java\jre1.8.0_211\bin\net.dll
0x000007fefed90000 - 0x000007fefef08000 	C:\Windows\system32\urlmon.dll
0x000007fefde30000 - 0x000007fefdf5a000 	C:\Windows\system32\WININET.dll
0x000007fefdb00000 - 0x000007fefdd59000 	C:\Windows\system32\iertutil.dll
0x000007fefd2a0000 - 0x000007fefd407000 	C:\Windows\system32\CRYPT32.dll
0x000007fefd1b0000 - 0x000007fefd1bf000 	C:\Windows\system32\MSASN1.dll
0x000007fefc940000 - 0x000007fefc995000 	C:\Windows\system32\mswsock.dll
0x000007fefc930000 - 0x000007fefc937000 	C:\Windows\System32\wship6.dll
0x000007fefc340000 - 0x000007fefc347000 	C:\Windows\System32\wshtcpip.dll
0x000007fefc7c0000 - 0x000007fefc81b000 	C:\Windows\system32\DNSAPI.dll
0x000007fefa620000 - 0x000007fefa647000 	C:\Windows\system32\IPHLPAPI.DLL
0x000007fefa610000 - 0x000007fefa61b000 	C:\Windows\system32\WINNSI.DLL
0x000007fef4530000 - 0x000007fef4538000 	C:\Windows\system32\rasadhlp.dll
0x000007fefa480000 - 0x000007fefa4d3000 	C:\Windows\System32\fwpuclnt.dll
0x000007fed9b00000 - 0x000007fed9b49000 	C:\Program Files\Java\jre1.8.0_211\bin\fontmanager.dll
0x000007fefd630000 - 0x000007fefd6c9000 	C:\Windows\system32\CLBCatQ.DLL
0x000007fefad90000 - 0x000007fefaeba000 	C:\Windows\system32\WindowsCodecs.dll
0x000007fefcf90000 - 0x000007fefcfe7000 	C:\Windows\system32\apphelp.dll
0x000007fef5050000 - 0x000007fef50bf000 	C:\Windows\system32\mscoree.dll
0x000007fef4fb0000 - 0x000007fef5047000 	C:\Windows\Microsoft.NET\Framework64\v4.0.30319\mscoreei.dll
0x000007fefd010000 - 0x000007fefd0a1000 	C:\Windows\system32\sxs.dll
0x000007fef1080000 - 0x000007fef19eb000 	C:\Windows\Microsoft.NET\Framework64\v4.0.30319\clr.dll
0x000007feef4b0000 - 0x000007feef582000 	C:\Windows\system32\MSVCR110_CLR0400.dll
0x000007feedeb0000 - 0x000007feef4aa000 	C:\Windows\assembly\NativeImages_v4.0.30319_64\mscorlib\54c5d3ee1f311718f3a2feb337c5fa29\mscorlib.ni.dll
0x000007fefc9a0000 - 0x000007fefc9b7000 	C:\Windows\system32\CRYPTSP.dll
0x000007fefc6a0000 - 0x000007fefc6e7000 	C:\Windows\system32\rsaenh.dll
0x000007fefd0f0000 - 0x000007fefd104000 	C:\Windows\system32\RpcRtRemote.dll
0x000007feede00000 - 0x000007feedea2000 	C:\Program Files\Intel\OptaneShellExtensions\OptaneShellExt.dll
0x0000000073080000 - 0x00000000730e8000 	C:\Program Files\Intel\OptaneShellExtensions\SharpShell.dll
0x000007feed140000 - 0x000007feeddfb000 	C:\Windows\assembly\NativeImages_v4.0.30319_64\System\4598449d72d7ebbd53952399ed5fc710\System.ni.dll
0x000007feecdd0000 - 0x000007feecfff000 	C:\Windows\assembly\NativeImages_v4.0.30319_64\System.Drawing\3910e71ce88e7357fb3a36e72e8bbf36\System.Drawing.ni.dll
0x000007feed000000 - 0x000007feed131000 	C:\Windows\Microsoft.NET\Framework64\v4.0.30319\clrjit.dll
0x0000000073030000 - 0x0000000073080000 	C:\Program Files\Intel\OptaneShellExtensions\log4net.dll
0x000007fef4fa0000 - 0x000007fef4fac000 	C:\Program Files\Intel\OptaneShellExtensions\PinningServiceApi.dll
0x0000000072f30000 - 0x0000000073026000 	C:\Windows\Microsoft.Net\assembly\GAC_MSIL\mscorlib.resources\v4.0_4.0.0.0_fr_b77a5c561934e089\mscorlib.resources.dll
0x000007feecc90000 - 0x000007feecdc9000 	C:\Windows\assembly\NativeImages_v4.0.30319_64\System.Configuration\7c42b91ec0ddf9b0c7bb847fc93e837b\System.Configuration.ni.dll
0x000007feec010000 - 0x000007feec9d0000 	C:\Windows\assembly\NativeImages_v4.0.30319_64\System.Xml\8d35ec2b45fd2eaccdf8fa8b7bee1adf\System.Xml.ni.dll
0x000007fef32a0000 - 0x000007fef32b6000 	C:\Windows\Microsoft.NET\Framework64\v4.0.30319\nlssorting.dll
0x000007fecf010000 - 0x000007fecf119000 	C:\Windows\Microsoft.NET\Framework64\v4.0.30319\diasymreader.dll
0x000007fee88c0000 - 0x000007fee8a7a000 	C:\Program Files\AVAST Software\Avast\ashShell.dll
0x000007fefb0f0000 - 0x000007fefb305000 	C:\Windows\WinSxS\amd64_microsoft.windows.gdiplus_6595b64144ccf1df_1.1.7601.17514_none_2b24536c71ed437a\gdiplus.dll
0x000007fefbad0000 - 0x000007fefbafc000 	C:\Windows\system32\POWRPROF.dll
0x000007fee7af0000 - 0x000007fee7e06000 	C:\Windows\system32\msi.dll
0x000007fee7ab0000 - 0x000007fee7ae5000 	C:\Windows\system32\EhStorShell.dll
0x000007fefb950000 - 0x000007fefba7c000 	C:\Windows\system32\PROPSYS.dll
0x000007fee6710000 - 0x000007fee678e000 	C:\Windows\System32\cscui.dll
0x000007fef4c30000 - 0x000007fef4c3c000 	C:\Windows\System32\CSCDLL.dll
0x000007fef3f90000 - 0x000007fef3f9f000 	C:\Windows\system32\CSCAPI.dll
0x000007fee6690000 - 0x000007fee6710000 	C:\Windows\system32\ntshrui.dll
0x000007fefcea0000 - 0x000007fefcec3000 	C:\Windows\system32\srvcli.dll
0x000007fefb540000 - 0x000007fefb54b000 	C:\Windows\system32\slc.dll
0x000007fee3c20000 - 0x000007fee3c32000 	C:\Program Files\Java\jre1.8.0_211\bin\nio.dll
0x000007fed8b90000 - 0x000007fed8bd2000 	C:\Program Files\Java\jre1.8.0_211\bin\t2k.dll

VM Arguments:
jvm_args: -Dfile.encoding=Cp1252 
java_command: admin.Admin
java_class_path (initial): C:\Users\Aladin\Desktop\S3-CI\Projets\Java\test1\bin;C:\Users\Aladin\Desktop\com.mysql.jdbc_5.1.5.jar
Launcher Type: SUN_STANDARD

Environment Variables:
PATH=C:/Program Files/Java/jre1.8.0_211/bin/server;C:/Program Files/Java/jre1.8.0_211/bin;C:/Program Files/Java/jre1.8.0_211/lib/amd64;C:\Program Files (x86)\Common Files\Oracle\Java\javapath;C:\Windows\system32;C:\Windows;C:\Windows\System32\Wbem;C:\Windows\System32\WindowsPowerShell\v1.0\;C:\Program Files\Intel\WiFi\bin\;C:\Program Files\Common Files\Intel\WirelessCommon\;C:\Program Files (x86)\Windows Kits\8.1\Windows Performance Toolkit\;C:\Program Files\Microsoft SQL Server\110\Tools\Binn\;C:\Program Files (x86)\Microsoft SQL Server\100\Tools\Binn\;C:\Program Files\Microsoft SQL Server\100\Tools\Binn\;C:\Program Files\Microsoft SQL Server\100\DTS\Binn\;C:\Program Files (x86)\Microsoft SQL Server\100\Tools\Binn\VSShell\Common7\IDE\;C:\Program Files (x86)\Microsoft Visual Studio 9.0\Common7\IDE\PrivateAssemblies\;C:\Program Files (x86)\Microsoft SQL Server\100\DTS\Binn\;C:\wamp64\bin\php\php7.2.18;C:\composer;C:\Program Files\Git\cmd;C:\Program Files\Microsoft\Web Platform Installer\;C:\Program Files\Java\jre1.8.0_211\bin;C:\Program Files\Java\jdk-13\bin;C:\Program Files\Intel\WiFi\bin\;C:\Program Files\Common Files\Intel\WirelessCommon\;C:\Users\Aladin\AppData\Roaming\Dashlane\6.1922.0.20737\bin\Firefox_Extension\{442718d9-475e-452a-b3e1-fb1ee16b8e9f}\components;C:\Users\Aladin\AppData\Roaming\Dashlane\6.1922.0.20737\ucrt;C:\Users\Aladin\AppData\Roaming\Dashlane\6.1922.0.20737\bin\Qt;C:\Users\Aladin\AppData\Roaming\Dashlane\6.1922.0.20737\bin\Ssl;C:\Users\Aladin\AppData\Roaming\Composer\vendor\bin;C:\Users\Aladin\Desktop;
USERNAME=Aladin
OS=Windows_NT
PROCESSOR_IDENTIFIER=Intel64 Family 6 Model 142 Stepping 9, GenuineIntel



---------------  S Y S T E M  ---------------

OS: Windows 7 , 64 bit Build 7601 (6.1.7601.17514)

CPU:total 4 (initial active 4) (2 cores per cpu, 2 threads per core) family 6 model 142 stepping 9, cmov, cx8, fxsr, mmx, sse, sse2, sse3, ssse3, sse4.1, sse4.2, popcnt, avx, avx2, aes, clmul, erms, 3dnowpref, lzcnt, ht, tsc, tscinvbit, bmi1, bmi2, adx

Memory: 4k page, physical 8303444k(874708k free), swap 33211932k(3648k free)

vm_info: Java HotSpot(TM) 64-Bit Server VM (25.211-b12) for windows-amd64 JRE (1.8.0_211-b12), built on Apr  1 2019 20:53:26 by "java_re" with MS VC++ 10.0 (VS2010)

time: Tue Dec 10 17:10:54 2019
timezone: Maroc
elapsed time: 16 seconds (0d 0h 0m 16s)

